<?xml version="1.0" encoding="UTF-8"?>
<testsuite xmlns:xsi="http://www.w3.org/2001/XMLSchema-instance" xsi:noNamespaceSchemaLocation="https://maven.apache.org/surefire/maven-surefire-plugin/xsd/surefire-test-report-3.0.xsd" version="3.0" name="tests.gui.phpTravels.TestRegistration" time="305.526" tests="10" errors="0" skipped="0" failures="6">
  <properties>
[...]
</properties>
  <testcase name="checkSignUpWithValidDataAndVerifyLogin" classname="tests.gui.phpTravels.TestRegistration" time="36.466"/>
  <testcase name="testEmailFormatValidation" classname="tests.gui.phpTravels.TestRegistration" time="19.199">
    <failure message="AssertEquals FAILED; Expected [https://www.phptravels.net/register] and Actual [https://www.phptravels.net/account/]. Comparison Type [EQUALS]. Validation Type [POSITIVE]." type="java.lang.AssertionError"><![CDATA[java.lang.AssertionError: AssertEquals FAILED; Expected [https://www.phptravels.net/register] and Actual [https://www.phptravels.net/account/]. Comparison Type [EQUALS]. Validation Type [POSITIVE].
	at tests.gui.phpTravels.TestRegistration.testEmailFormatValidation(TestRegistration.java:83)
]]></failure>
    <system-err><![CDATA[[1585559447.490][SEVERE]: Timed out receiving message from renderer: 0.100
[1585559447.591][SEVERE]: Timed out receiving message from renderer: 0.100
[1585559447.782][SEVERE]: Timed out receiving message from renderer: 0.100
[1585559447.884][SEVERE]: Timed out receiving message from renderer: 0.100
[1585559448.075][SEVERE]: Timed out receiving message from renderer: 0.100
[1585559449.985][SEVERE]: Timed out receiving message from renderer: 0.100
[1585559450.086][SEVERE]: Timed out receiving message from renderer: 0.100
[1585559450.273][SEVERE]: Timed out receiving message from renderer: 0.100
[1585559450.374][SEVERE]: Timed out receiving message from renderer: 0.100
[1585559450.475][SEVERE]: Timed out receiving message from renderer: 0.100
[1585559450.638][SEVERE]: Timed out receiving message from renderer: 0.100
[1585559468.739][SEVERE]: Timed out receiving message from renderer: 0.100
[1585559468.995][SEVERE]: Timed out receiving message from renderer: 0.100
[1585559469.137][SEVERE]: Timed out receiving message from renderer: 0.100
]]></system-err>
  </testcase>
  <testcase name="testFirstNameAndLastNameMatching" classname="tests.gui.phpTravels.TestRegistration" time="19.332">
    <failure message="AssertEquals FAILED; Expected [https://www.phptravels.net/register] and Actual [https://www.phptravels.net/account/]. Comparison Type [EQUALS]. Validation Type [POSITIVE]." type="java.lang.AssertionError"><![CDATA[java.lang.AssertionError: AssertEquals FAILED; Expected [https://www.phptravels.net/register] and Actual [https://www.phptravels.net/account/]. Comparison Type [EQUALS]. Validation Type [POSITIVE].
	at tests.gui.phpTravels.TestRegistration.testFirstNameAndLastNameMatching(TestRegistration.java:67)
]]></failure>
    <system-err><![CDATA[[1585559477.238][SEVERE]: Timed out receiving message from renderer: 0.100
[1585559477.631][SEVERE]: Timed out receiving message from renderer: 0.100
[1585559477.837][SEVERE]: Timed out receiving message from renderer: 0.100
[1585559478.077][SEVERE]: Timed out receiving message from renderer: 0.100
[1585559478.180][SEVERE]: Timed out receiving message from renderer: 0.100
[1585559478.338][SEVERE]: Timed out receiving message from renderer: 0.100
[1585559478.451][SEVERE]: Timed out receiving message from renderer: 0.100
[1585559478.608][SEVERE]: Timed out receiving message from renderer: 0.100
[1585559478.710][SEVERE]: Timed out receiving message from renderer: 0.100
[1585559478.811][SEVERE]: Timed out receiving message from renderer: 0.100
[1585559478.912][SEVERE]: Timed out receiving message from renderer: 0.100
[1585559479.013][SEVERE]: Timed out receiving message from renderer: 0.100
[1585559480.893][SEVERE]: Timed out receiving message from renderer: 0.100
[1585559480.995][SEVERE]: Timed out receiving message from renderer: 0.100
[1585559481.180][SEVERE]: Timed out receiving message from renderer: 0.100
[1585559481.282][SEVERE]: Timed out receiving message from renderer: 0.100
[1585559481.497][SEVERE]: Timed out receiving message from renderer: 0.100
[1585559499.364][SEVERE]: Timed out receiving message from renderer: 0.100
[1585559499.465][SEVERE]: Timed out receiving message from renderer: 0.100
[1585559499.937][SEVERE]: Timed out receiving message from renderer: 0.100
[1585559500.039][SEVERE]: Timed out receiving message from renderer: 0.100
[1585559500.268][SEVERE]: Timed out receiving message from renderer: 0.100
[1585559500.371][SEVERE]: Timed out receiving message from renderer: 0.100
[1585559500.518][SEVERE]: Timed out receiving message from renderer: 0.100
]]></system-err>
  </testcase>
  <testcase name="testFirstNameValidation" classname="tests.gui.phpTravels.TestRegistration" time="18.704">
    <failure message="AssertEquals FAILED; Expected [https://www.phptravels.net/register] and Actual [https://www.phptravels.net/account/]. Comparison Type [EQUALS]. Validation Type [POSITIVE]." type="java.lang.AssertionError"><![CDATA[java.lang.AssertionError: AssertEquals FAILED; Expected [https://www.phptravels.net/register] and Actual [https://www.phptravels.net/account/]. Comparison Type [EQUALS]. Validation Type [POSITIVE].
	at tests.gui.phpTravels.TestRegistration.testFirstNameValidation(TestRegistration.java:51)
]]></failure>
    <system-err><![CDATA[[1585559508.186][SEVERE]: Timed out receiving message from renderer: 0.100
[1585559508.313][SEVERE]: Timed out receiving message from renderer: 0.100
[1585559508.414][SEVERE]: Timed out receiving message from renderer: 0.100
[1585559508.627][SEVERE]: Timed out receiving message from renderer: 0.100
[1585559508.728][SEVERE]: Timed out receiving message from renderer: 0.100
[1585559508.946][SEVERE]: Timed out receiving message from renderer: 0.100
[1585559510.932][SEVERE]: Timed out receiving message from renderer: 0.100
[1585559511.033][SEVERE]: Timed out receiving message from renderer: 0.100
[1585559511.200][SEVERE]: Timed out receiving message from renderer: 0.100
[1585559511.301][SEVERE]: Timed out receiving message from renderer: 0.100
[1585559511.402][SEVERE]: Timed out receiving message from renderer: 0.100
[1585559511.504][SEVERE]: Timed out receiving message from renderer: 0.100
[1585559511.615][SEVERE]: Timed out receiving message from renderer: 0.100
[1585559511.718][SEVERE]: Timed out receiving message from renderer: 0.100
[1585559511.982][SEVERE]: Timed out receiving message from renderer: 0.100
[1585559529.711][SEVERE]: Timed out receiving message from renderer: 0.100
[1585559529.960][SEVERE]: Timed out receiving message from renderer: 0.100
[1585559530.212][SEVERE]: Timed out receiving message from renderer: 0.100
]]></system-err>
  </testcase>
  <testcase name="testLastNameValidation" classname="tests.gui.phpTravels.TestRegistration" time="18.908">
    <failure message="AssertEquals FAILED; Expected [https://www.phptravels.net/register] and Actual [https://www.phptravels.net/account/]. Comparison Type [EQUALS]. Validation Type [POSITIVE]." type="java.lang.AssertionError"><![CDATA[java.lang.AssertionError: AssertEquals FAILED; Expected [https://www.phptravels.net/register] and Actual [https://www.phptravels.net/account/]. Comparison Type [EQUALS]. Validation Type [POSITIVE].
	at tests.gui.phpTravels.TestRegistration.testLastNameValidation(TestRegistration.java:59)
]]></failure>
    <system-err><![CDATA[[1585559537.629][SEVERE]: Timed out receiving message from renderer: 0.100
[1585559537.983][SEVERE]: Timed out receiving message from renderer: 0.100
[1585559538.190][SEVERE]: Timed out receiving message from renderer: 0.100
[1585559538.292][SEVERE]: Timed out receiving message from renderer: 0.100
[1585559538.517][SEVERE]: Timed out receiving message from renderer: 0.100
[1585559538.621][SEVERE]: Timed out receiving message from renderer: 0.100
[1585559538.783][SEVERE]: Timed out receiving message from renderer: 0.100
[1585559538.941][SEVERE]: Timed out receiving message from renderer: 0.100
[1585559539.042][SEVERE]: Timed out receiving message from renderer: 0.100
[1585559539.144][SEVERE]: Timed out receiving message from renderer: 0.100
[1585559539.245][SEVERE]: Timed out receiving message from renderer: 0.100
[1585559539.346][SEVERE]: Timed out receiving message from renderer: 0.100
[1585559539.448][SEVERE]: Timed out receiving message from renderer: 0.100
[1585559539.549][SEVERE]: Timed out receiving message from renderer: 0.100
[1585559539.650][SEVERE]: Timed out receiving message from renderer: 0.100
[1585559541.334][SEVERE]: Timed out receiving message from renderer: 0.100
[1585559541.436][SEVERE]: Timed out receiving message from renderer: 0.100
[1585559541.659][SEVERE]: Timed out receiving message from renderer: 0.100
[1585559542.779][SEVERE]: Timed out receiving message from renderer: 0.100
[1585559560.852][SEVERE]: Timed out receiving message from renderer: 0.100
[1585559560.993][SEVERE]: Timed out receiving message from renderer: 0.100
[1585559561.094][SEVERE]: Timed out receiving message from renderer: 0.100
]]></system-err>
  </testcase>
  <testcase name="testMobileNumberValidation" classname="tests.gui.phpTravels.TestRegistration" time="18.623">
    <failure message="AssertEquals FAILED; Expected [https://www.phptravels.net/register] and Actual [https://www.phptravels.net/account/]. Comparison Type [EQUALS]. Validation Type [POSITIVE]." type="java.lang.AssertionError"><![CDATA[java.lang.AssertionError: AssertEquals FAILED; Expected [https://www.phptravels.net/register] and Actual [https://www.phptravels.net/account/]. Comparison Type [EQUALS]. Validation Type [POSITIVE].
	at tests.gui.phpTravels.TestRegistration.testMobileNumberValidation(TestRegistration.java:75)
]]></failure>
    <system-err><![CDATA[[1585559569.460][SEVERE]: Timed out receiving message from renderer: 0.100
[1585559569.568][SEVERE]: Timed out receiving message from renderer: 0.100
[1585559569.742][SEVERE]: Timed out receiving message from renderer: 0.100
[1585559569.844][SEVERE]: Timed out receiving message from renderer: 0.100
[1585559570.018][SEVERE]: Timed out receiving message from renderer: 0.100
[1585559570.134][SEVERE]: Timed out receiving message from renderer: 0.100
[1585559570.235][SEVERE]: Timed out receiving message from renderer: 0.100
[1585559571.863][SEVERE]: Timed out receiving message from renderer: 0.100
[1585559571.964][SEVERE]: Timed out receiving message from renderer: 0.100
[1585559572.184][SEVERE]: Timed out receiving message from renderer: 0.100
[1585559572.285][SEVERE]: Timed out receiving message from renderer: 0.100
[1585559572.421][SEVERE]: Timed out receiving message from renderer: 0.100
[1585559590.259][SEVERE]: Timed out receiving message from renderer: 0.100
[1585559590.410][SEVERE]: Timed out receiving message from renderer: 0.100
[1585559590.642][SEVERE]: Timed out receiving message from renderer: 0.100
[1585559590.901][SEVERE]: Timed out receiving message from renderer: 0.100
]]></system-err>
  </testcase>
  <testcase name="testPasswordConfirmationValidation" classname="tests.gui.phpTravels.TestRegistration" time="16.85"/>
  <testcase name="testPasswordMaxLengthAndAlphaNumericValidation" classname="tests.gui.phpTravels.TestRegistration" time="18.3">
    <failure message="AssertEquals FAILED; Expected [https://www.phptravels.net/register] and Actual [https://www.phptravels.net/account/]. Comparison Type [EQUALS]. Validation Type [POSITIVE]." type="java.lang.AssertionError"><![CDATA[java.lang.AssertionError: AssertEquals FAILED; Expected [https://www.phptravels.net/register] and Actual [https://www.phptravels.net/account/]. Comparison Type [EQUALS]. Validation Type [POSITIVE].
	at tests.gui.phpTravels.TestRegistration.testPasswordMaxLengthAndAlphaNumericValidation(TestRegistration.java:99)
]]></failure>
    <system-err><![CDATA[[1585559621.621][SEVERE]: Timed out receiving message from renderer: 0.100
[1585559621.722][SEVERE]: Timed out receiving message from renderer: 0.100
[1585559621.880][SEVERE]: Timed out receiving message from renderer: 0.100
[1585559622.130][SEVERE]: Timed out receiving message from renderer: 0.100
[1585559639.486][SEVERE]: Timed out receiving message from renderer: 0.100
[1585559639.677][SEVERE]: Timed out receiving message from renderer: 0.100
[1585559639.779][SEVERE]: Timed out receiving message from renderer: 0.100
[1585559639.930][SEVERE]: Timed out receiving message from renderer: 0.100
]]></system-err>
  </testcase>
  <testcase name="testPasswordMinLengthVlaidation" classname="tests.gui.phpTravels.TestRegistration" time="16.961"/>
  <testcase name="testSignUpWithRegisteredEmailValidation" classname="tests.gui.phpTravels.TestRegistration" time="17.04"/>
</testsuite>